2024-06-10T11:03:33  test: strengthen coverage
2024-07-17T18:20:40  chore: tune defaults
2024-07-30T13:37:47  refactor: simplify helper
2024-08-20T08:54:54  chore: routine maintenance
2024-09-26T15:11:01  docs: clarify usage notes
2024-10-17T10:28:08  test: add edge case
2024-10-30T17:45:15  refactor: tidy internals
2024-11-20T12:02:22  fix: handle empty input gracefully
2024-12-27T19:19:29  perf: micro-optimization
2025-01-17T14:36:36  style: formatting
2025-02-23T09:53:43  chore: bump dev tooling
2025-03-16T16:10:50  docs: expand examples
2025-03-29T11:27:57  test: strengthen coverage
2025-04-19T18:44:04  chore: tune defaults
2025-05-26T13:01:11  refactor: simplify helper
2025-06-16T08:18:18  chore: routine maintenance
2025-06-29T15:35:25  docs: clarify usage notes
2025-08-12T10:52:32  test: add edge case
2025-08-26T17:09:39  refactor: tidy internals
2025-09-08T12:26:46  fix: handle empty input gracefully
2025-10-23T19:43:53  perf: micro-optimization
2025-11-05T14:00:00  style: formatting
2025-11-26T09:17:07  chore: bump dev tooling
2026-01-02T16:34:14  docs: expand examples
2026-01-23T11:51:21  test: strengthen coverage
2026-02-05T18:08:28  chore: tune defaults
2026-03-22T13:25:35  refactor: simplify helper
2026-04-04T08:42:42  chore: routine maintenance
2026-04-25T15:59:49  docs: clarify usage notes
2026-06-01T10:16:56  test: add edge case
2024-09-17T11:03:33  feat: with great power comes great test coverage
2024-10-24T18:20:40  chore: one does not simply skip CI
2025-02-26T13:37:47  docs: standing on the shoulders of giants (garak, sigma, trufflehog)
2025-06-14T08:54:54  chore: tip of the hat to Thinkst, Bellingcat, and SigmaHQ
2025-07-22T15:11:01  fix: works on my machine (TM)
2025-11-07T10:28:08  chore: in case of fire — commit, push, leave building
